# JRE version: Java(TM) SE Runtime Environment (8.0_421) (build 1.8.0_421-b09)
# Java VM: Java HotSpot(TM) 64-Bit Server VM (25.421-b09 mixed mode windows-amd64 compressed oops)
Heap:
 PSYoungGen      total 209920K, used 28182K [0x000000076ab00000, 0x0000000778b80000, 0x00000007c0000000)
  eden space 197632K, 14% used [0x000000076ab00000,0x000000076c685bd0,0x0000000776c00000)
  from space 12288K, 0% used [0x0000000777f80000,0x0000000777f80000,0x0000000778b80000)
  to   space 14336K, 0% used [0x0000000776f80000,0x0000000776f80000,0x0000000777d80000)
 ParOldGen       total 57344K, used 18569K [0x00000006c0000000, 0x00000006c3800000, 0x000000076ab00000)
  object space 57344K, 32% used [0x00000006c0000000,0x00000006c1222690,0x00000006c3800000)
 Metaspace       used 36634K, capacity 38630K, committed 39040K, reserved 1083392K
  class space    used 5230K, capacity 5653K, committed 5760K, reserved 1048576K
GC Heap History (10 events):
Event: 4.344 GC heap before
{Heap before GC invocations=6 (full 0):
 PSYoungGen      total 68608K, used 45667K [0x000000076ab00000, 0x0000000773c00000, 0x00000007c0000000)
  eden space 63488K, 63% used [0x000000076ab00000,0x000000076d29cf48,0x000000076e900000)
  from space 5120K, 99% used [0x000000076e900000,0x000000076edfc030,0x000000076ee00000)
  to   space 10752K, 0% used [0x0000000773180000,0x0000000773180000,0x0000000773c00000)
 ParOldGen       total 84992K, used 7416K [0x00000006c0000000, 0x00000006c5300000, 0x000000076ab00000)
  object space 84992K, 8% used [0x00000006c0000000,0x00000006c073e120,0x00000006c5300000)
 Metaspace       used 20299K, capacity 21224K, committed 21296K, reserved 1067008K
  class space    used 2917K, capacity 3140K, committed 3200K, reserved 1048576K
Event: 4.353 GC heap after
Heap after GC invocations=6 (full 0):
 PSYoungGen      total 137216K, used 8114K [0x000000076ab00000, 0x0000000773d00000, 0x00000007c0000000)
  eden space 126464K, 0% used [0x000000076ab00000,0x000000076ab00000,0x0000000772680000)
  from space 10752K, 75% used [0x0000000773180000,0x000000077396c8f0,0x0000000773c00000)
  to   space 11264K, 0% used [0x0000000772680000,0x0000000772680000,0x0000000773180000)
 ParOldGen       total 84992K, used 7424K [0x00000006c0000000, 0x00000006c5300000, 0x000000076ab00000)
  object space 84992K, 8% used [0x00000006c0000000,0x00000006c0740120,0x00000006c5300000)
 Metaspace       used 20299K, capacity 21224K, committed 21296K, reserved 1067008K
  class space    used 2917K, capacity 3140K, committed 3200K, reserved 1048576K
}
Event: 4.353 GC heap before
{Heap before GC invocations=7 (full 1):
 PSYoungGen      total 137216K, used 8114K [0x000000076ab00000, 0x0000000773d00000, 0x00000007c0000000)
  eden space 126464K, 0% used [0x000000076ab00000,0x000000076ab00000,0x0000000772680000)
  from space 10752K, 75% used [0x0000000773180000,0x000000077396c8f0,0x0000000773c00000)
  to   space 11264K, 0% used [0x0000000772680000,0x0000000772680000,0x0000000773180000)
 ParOldGen       total 84992K, used 7424K [0x00000006c0000000, 0x00000006c5300000, 0x000000076ab00000)
  object space 84992K, 8% used [0x00000006c0000000,0x00000006c0740120,0x00000006c5300000)
 Metaspace       used 20299K, capacity 21224K, committed 21296K, reserved 1067008K
  class space    used 2917K, capacity 3140K, committed 3200K, reserved 1048576K
Event: 4.384 GC heap after
Heap after GC invocations=7 (full 1):
 PSYoungGen      total 137216K, used 0K [0x000000076ab00000, 0x0000000773d00000, 0x00000007c0000000)
  eden space 126464K, 0% used [0x000000076ab00000,0x000000076ab00000,0x0000000772680000)
  from space 10752K, 0% used [0x0000000773180000,0x0000000773180000,0x0000000773c00000)
  to   space 11264K, 0% used [0x0000000772680000,0x0000000772680000,0x0000000773180000)
 ParOldGen       total 57344K, used 9117K [0x00000006c0000000, 0x00000006c3800000, 0x000000076ab00000)
  object space 57344K, 15% used [0x00000006c0000000,0x00000006c08e7628,0x00000006c3800000)
 Metaspace       used 20299K, capacity 21224K, committed 21296K, reserved 1067008K
  class space    used 2917K, capacity 3140K, committed 3200K, reserved 1048576K
}
Event: 5.643 GC heap before
{Heap before GC invocations=8 (full 1):
 PSYoungGen      total 137216K, used 126464K [0x000000076ab00000, 0x0000000773d00000, 0x00000007c0000000)
  eden space 126464K, 100% used [0x000000076ab00000,0x0000000772680000,0x0000000772680000)
  from space 10752K, 0% used [0x0000000773180000,0x0000000773180000,0x0000000773c00000)
  to   space 11264K, 0% used [0x0000000772680000,0x0000000772680000,0x0000000773180000)
 ParOldGen       total 57344K, used 9117K [0x00000006c0000000, 0x00000006c3800000, 0x000000076ab00000)
  object space 57344K, 15% used [0x00000006c0000000,0x00000006c08e7628,0x00000006c3800000)
 Metaspace       used 27594K, capacity 29180K, committed 29312K, reserved 1075200K
  class space    used 4055K, capacity 4410K, committed 4480K, reserved 1048576K
Event: 5.654 GC heap after
Heap after GC invocations=8 (full 1):
 PSYoungGen      total 137728K, used 11109K [0x000000076ab00000, 0x0000000778c00000, 0x00000007c0000000)
  eden space 126464K, 0% used [0x000000076ab00000,0x000000076ab00000,0x0000000772680000)
  from space 11264K, 98% used [0x0000000772680000,0x00000007731596e8,0x0000000773180000)
  to   space 12800K, 0% used [0x0000000777f80000,0x0000000777f80000,0x0000000778c00000)
 ParOldGen       total 57344K, used 9125K [0x00000006c0000000, 0x00000006c3800000, 0x000000076ab00000)
  object space 57344K, 15% used [0x00000006c0000000,0x00000006c08e9628,0x00000006c3800000)
 Metaspace       used 27594K, capacity 29180K, committed 29312K, reserved 1075200K
  class space    used 4055K, capacity 4410K, committed 4480K, reserved 1048576K
}
Event: 11.594 GC heap before
{Heap before GC invocations=9 (full 1):
 PSYoungGen      total 137728K, used 81975K [0x000000076ab00000, 0x0000000778c00000, 0x00000007c0000000)
  eden space 126464K, 56% used [0x000000076ab00000,0x000000076f0345e8,0x0000000772680000)
  from space 11264K, 98% used [0x0000000772680000,0x00000007731596e8,0x0000000773180000)
  to   space 12800K, 0% used [0x0000000777f80000,0x0000000777f80000,0x0000000778c00000)
 ParOldGen       total 57344K, used 9125K [0x00000006c0000000, 0x00000006c3800000, 0x000000076ab00000)
  object space 57344K, 15% used [0x00000006c0000000,0x00000006c08e9628,0x00000006c3800000)
 Metaspace       used 33449K, capacity 35404K, committed 35496K, reserved 1079296K
  class space    used 4880K, capacity 5285K, committed 5376K, reserved 1048576K
Event: 11.607 GC heap after
Heap after GC invocations=9 (full 1):
 PSYoungGen      total 209920K, used 12014K [0x000000076ab00000, 0x0000000778b80000, 0x00000007c0000000)
  eden space 197632K, 0% used [0x000000076ab00000,0x000000076ab00000,0x0000000776c00000)
  from space 12288K, 97% used [0x0000000777f80000,0x0000000778b3bb18,0x0000000778b80000)
  to   space 14336K, 0% used [0x0000000776f80000,0x0000000776f80000,0x0000000777d80000)
 ParOldGen       total 57344K, used 9133K [0x00000006c0000000, 0x00000006c3800000, 0x000000076ab00000)
  object space 57344K, 15% used [0x00000006c0000000,0x00000006c08eb628,0x00000006c3800000)
 Metaspace       used 33449K, capacity 35404K, committed 35496K, reserved 1079296K
  class space    used 4880K, capacity 5285K, committed 5376K, reserved 1048576K
}
Event: 11.607 GC heap before
{Heap before GC invocations=10 (full 2):
 PSYoungGen      total 209920K, used 12014K [0x000000076ab00000, 0x0000000778b80000, 0x00000007c0000000)
  eden space 197632K, 0% used [0x000000076ab00000,0x000000076ab00000,0x0000000776c00000)
  from space 12288K, 97% used [0x0000000777f80000,0x0000000778b3bb18,0x0000000778b80000)
  to   space 14336K, 0% used [0x0000000776f80000,0x0000000776f80000,0x0000000777d80000)
 ParOldGen       total 57344K, used 9133K [0x00000006c0000000, 0x00000006c3800000, 0x000000076ab00000)
  object space 57344K, 15% used [0x00000006c0000000,0x00000006c08eb628,0x00000006c3800000)
 Metaspace       used 33449K, capacity 35404K, committed 35496K, reserved 1079296K
  class space    used 4880K, capacity 5285K, committed 5376K, reserved 1048576K
Event: 15.674 GC heap after
Heap after GC invocations=10 (full 2):
 PSYoungGen      total 209920K, used 0K [0x000000076ab00000, 0x0000000778b80000, 0x00000007c0000000)
  eden space 197632K, 0% used [0x000000076ab00000,0x000000076ab00000,0x0000000776c00000)
  from space 12288K, 0% used [0x0000000777f80000,0x0000000777f80000,0x0000000778b80000)
  to   space 14336K, 0% used [0x0000000776f80000,0x0000000776f80000,0x0000000777d80000)
 ParOldGen       total 57344K, used 18569K [0x00000006c0000000, 0x00000006c3800000, 0x000000076ab00000)
  object space 57344K, 32% used [0x00000006c0000000,0x00000006c1222690,0x00000006c3800000)
 Metaspace       used 33441K, capacity 35380K, committed 35496K, reserved 1079296K
  class space    used 4878K, capacity 5281K, committed 5376K, reserved 1048576K
}

