# JRE version: OpenJDK Runtime Environment (17.0.9) (build 17.0.9+0--11185874)
# Java VM: OpenJDK 64-Bit Server VM (17.0.9+0--11185874, mixed mode, tiered, compressed oops, compressed class ptrs, g1 gc, windows-amd64)
GC Precious Log:
 CPUs: 16 total, 16 available
 Memory: 7896M
 Large Page Support: Disabled
 NUMA Support: Disabled
 Compressed Oops: Enabled (32-bit)
 Heap Region Size: 1M
 Heap Min Capacity: 8M
 Heap Initial Capacity: 124M
 Heap Max Capacity: 2G
 Pre-touch: Disabled
 Parallel Workers: 13
 Concurrent Workers: 3
 Concurrent Refinement Workers: 13
 Periodic GC: Disabled
Heap:
 garbage-first heap   total 165888K, used 110318K [0x0000000080000000, 0x0000000100000000)
  region size 1024K, 27 young (27648K), 2 survivors (2048K)
 Metaspace       used 67951K, committed 68608K, reserved 1114112K
  class space    used 9115K, committed 9408K, reserved 1048576K
GC Heap History (20 events):
Event: 11.691 GC heap before
{Heap before GC invocations=21 (full 0):
 garbage-first heap   total 116736K, used 88537K [0x0000000080000000, 0x0000000100000000)
  region size 1024K, 35 young (35840K), 2 survivors (2048K)
 Metaspace       used 54731K, committed 55296K, reserved 1114112K
  class space    used 7303K, committed 7552K, reserved 1048576K
}
Event: 11.696 GC heap after
{Heap after GC invocations=22 (full 0):
 garbage-first heap   total 116736K, used 56415K [0x0000000080000000, 0x0000000100000000)
  region size 1024K, 4 young (4096K), 4 survivors (4096K)
 Metaspace       used 54731K, committed 55296K, reserved 1114112K
  class space    used 7303K, committed 7552K, reserved 1048576K
}
Event: 12.609 GC heap before
{Heap before GC invocations=23 (full 0):
 garbage-first heap   total 116736K, used 91231K [0x0000000080000000, 0x0000000100000000)
  region size 1024K, 38 young (38912K), 4 survivors (4096K)
 Metaspace       used 58644K, committed 59264K, reserved 1114112K
  class space    used 7962K, committed 8256K, reserved 1048576K
}
Event: 12.615 GC heap after
{Heap after GC invocations=24 (full 0):
 garbage-first heap   total 116736K, used 58783K [0x0000000080000000, 0x0000000100000000)
  region size 1024K, 4 young (4096K), 4 survivors (4096K)
 Metaspace       used 58644K, committed 59264K, reserved 1114112K
  class space    used 7962K, committed 8256K, reserved 1048576K
}
Event: 14.036 GC heap before
{Heap before GC invocations=24 (full 0):
 garbage-first heap   total 116736K, used 92575K [0x0000000080000000, 0x0000000100000000)
  region size 1024K, 37 young (37888K), 4 survivors (4096K)
 Metaspace       used 61268K, committed 61888K, reserved 1114112K
  class space    used 8318K, committed 8576K, reserved 1048576K
}
Event: 14.043 GC heap after
{Heap after GC invocations=25 (full 0):
 garbage-first heap   total 116736K, used 61964K [0x0000000080000000, 0x0000000100000000)
  region size 1024K, 5 young (5120K), 5 survivors (5120K)
 Metaspace       used 61268K, committed 61888K, reserved 1114112K
  class space    used 8318K, committed 8576K, reserved 1048576K
}
Event: 14.439 GC heap before
{Heap before GC invocations=26 (full 0):
 garbage-first heap   total 116736K, used 76300K [0x0000000080000000, 0x0000000100000000)
  region size 1024K, 20 young (20480K), 5 survivors (5120K)
 Metaspace       used 61603K, committed 62272K, reserved 1114112K
  class space    used 8340K, committed 8640K, reserved 1048576K
}
Event: 14.445 GC heap after
{Heap after GC invocations=27 (full 0):
 garbage-first heap   total 116736K, used 64779K [0x0000000080000000, 0x0000000100000000)
  region size 1024K, 3 young (3072K), 3 survivors (3072K)
 Metaspace       used 61603K, committed 62272K, reserved 1114112K
  class space    used 8340K, committed 8640K, reserved 1048576K
}
Event: 14.529 GC heap before
{Heap before GC invocations=28 (full 0):
 garbage-first heap   total 116736K, used 67851K [0x0000000080000000, 0x0000000100000000)
  region size 1024K, 5 young (5120K), 3 survivors (3072K)
 Metaspace       used 61607K, committed 62272K, reserved 1114112K
  class space    used 8341K, committed 8640K, reserved 1048576K
}
Event: 14.532 GC heap after
{Heap after GC invocations=29 (full 0):
 garbage-first heap   total 116736K, used 68007K [0x0000000080000000, 0x0000000100000000)
  region size 1024K, 2 young (2048K), 2 survivors (2048K)
 Metaspace       used 61607K, committed 62272K, reserved 1114112K
  class space    used 8341K, committed 8640K, reserved 1048576K
}
Event: 14.595 GC heap before
{Heap before GC invocations=30 (full 0):
 garbage-first heap   total 124928K, used 73127K [0x0000000080000000, 0x0000000100000000)
  region size 1024K, 4 young (4096K), 2 survivors (2048K)
 Metaspace       used 61643K, committed 62272K, reserved 1114112K
  class space    used 8348K, committed 8640K, reserved 1048576K
}
Event: 14.597 GC heap after
{Heap after GC invocations=31 (full 0):
 garbage-first heap   total 124928K, used 72283K [0x0000000080000000, 0x0000000100000000)
  region size 1024K, 2 young (2048K), 2 survivors (2048K)
 Metaspace       used 61643K, committed 62272K, reserved 1114112K
  class space    used 8348K, committed 8640K, reserved 1048576K
}
Event: 14.727 GC heap before
{Heap before GC invocations=32 (full 0):
 garbage-first heap   total 128000K, used 77403K [0x0000000080000000, 0x0000000100000000)
  region size 1024K, 6 young (6144K), 2 survivors (2048K)
 Metaspace       used 61672K, committed 62272K, reserved 1114112K
  class space    used 8350K, committed 8640K, reserved 1048576K
}
Event: 14.730 GC heap after
{Heap after GC invocations=33 (full 0):
 garbage-first heap   total 128000K, used 76610K [0x0000000080000000, 0x0000000100000000)
  region size 1024K, 3 young (3072K), 3 survivors (3072K)
 Metaspace       used 61672K, committed 62272K, reserved 1114112K
  class space    used 8350K, committed 8640K, reserved 1048576K
}
Event: 15.150 GC heap before
{Heap before GC invocations=34 (full 0):
 garbage-first heap   total 138240K, used 98114K [0x0000000080000000, 0x0000000100000000)
  region size 1024K, 20 young (20480K), 3 survivors (3072K)
 Metaspace       used 62666K, committed 63296K, reserved 1114112K
  class space    used 8490K, committed 8768K, reserved 1048576K
}
Event: 15.155 GC heap after
{Heap after GC invocations=35 (full 0):
 garbage-first heap   total 138240K, used 83763K [0x0000000080000000, 0x0000000100000000)
  region size 1024K, 3 young (3072K), 3 survivors (3072K)
 Metaspace       used 62666K, committed 63296K, reserved 1114112K
  class space    used 8490K, committed 8768K, reserved 1048576K
}
Event: 15.220 GC heap before
{Heap before GC invocations=35 (full 0):
 garbage-first heap   total 138240K, used 86835K [0x0000000080000000, 0x0000000100000000)
  region size 1024K, 6 young (6144K), 3 survivors (3072K)
 Metaspace       used 62814K, committed 63552K, reserved 1114112K
  class space    used 8502K, committed 8832K, reserved 1048576K
}
Event: 15.223 GC heap after
{Heap after GC invocations=36 (full 0):
 garbage-first heap   total 165888K, used 85047K [0x0000000080000000, 0x0000000100000000)
  region size 1024K, 1 young (1024K), 1 survivors (1024K)
 Metaspace       used 62814K, committed 63552K, reserved 1114112K
  class space    used 8502K, committed 8832K, reserved 1048576K
}
Event: 15.867 GC heap before
{Heap before GC invocations=36 (full 0):
 garbage-first heap   total 165888K, used 114743K [0x0000000080000000, 0x0000000100000000)
  region size 1024K, 30 young (30720K), 1 survivors (1024K)
 Metaspace       used 65225K, committed 65856K, reserved 1114112K
  class space    used 8847K, committed 9152K, reserved 1048576K
}
Event: 15.870 GC heap after
{Heap after GC invocations=37 (full 0):
 garbage-first heap   total 165888K, used 85742K [0x0000000080000000, 0x0000000100000000)
  region size 1024K, 2 young (2048K), 2 survivors (2048K)
 Metaspace       used 65225K, committed 65856K, reserved 1114112K
  class space    used 8847K, committed 9152K, reserved 1048576K
}

