# JRE version: OpenJDK Runtime Environment (17.0.9) (build 17.0.9+0--11185874)
# Java VM: OpenJDK 64-Bit Server VM (17.0.9+0--11185874, mixed mode, tiered, compressed oops, compressed class ptrs, g1 gc, windows-amd64)
GC Precious Log:
 CPUs: 16 total, 16 available
 Memory: 7896M
 Large Page Support: Disabled
 NUMA Support: Disabled
 Compressed Oops: Enabled (32-bit)
 Heap Region Size: 1M
 Heap Min Capacity: 8M
 Heap Initial Capacity: 124M
 Heap Max Capacity: 2G
 Pre-touch: Disabled
 Parallel Workers: 13
 Concurrent Workers: 3
 Concurrent Refinement Workers: 13
 Periodic GC: Disabled
Heap:
 garbage-first heap   total 322560K, used 264299K [0x0000000080000000, 0x0000000100000000)
  region size 1024K, 3 young (3072K), 3 survivors (3072K)
 Metaspace       used 143811K, committed 144896K, reserved 1179648K
  class space    used 18843K, committed 19392K, reserved 1048576K
GC Heap History (20 events):
Event: 98.745 GC heap after
{Heap after GC invocations=52 (full 0):
 garbage-first heap   total 322560K, used 205957K [0x0000000080000000, 0x0000000100000000)
  region size 1024K, 10 young (10240K), 10 survivors (10240K)
 Metaspace       used 133867K, committed 134912K, reserved 1179648K
  class space    used 17702K, committed 18240K, reserved 1048576K
}
Event: 100.130 GC heap before
{Heap before GC invocations=52 (full 0):
 garbage-first heap   total 322560K, used 270469K [0x0000000080000000, 0x0000000100000000)
  region size 1024K, 74 young (75776K), 10 survivors (10240K)
 Metaspace       used 136400K, committed 137472K, reserved 1179648K
  class space    used 18107K, committed 18624K, reserved 1048576K
}
Event: 100.161 GC heap after
{Heap after GC invocations=53 (full 0):
 garbage-first heap   total 322560K, used 212579K [0x0000000080000000, 0x0000000100000000)
  region size 1024K, 7 young (7168K), 7 survivors (7168K)
 Metaspace       used 136400K, committed 137472K, reserved 1179648K
  class space    used 18107K, committed 18624K, reserved 1048576K
}
Event: 101.969 GC heap before
{Heap before GC invocations=53 (full 0):
 garbage-first heap   total 322560K, used 270947K [0x0000000080000000, 0x0000000100000000)
  region size 1024K, 65 young (66560K), 7 survivors (7168K)
 Metaspace       used 138651K, committed 139840K, reserved 1179648K
  class space    used 18342K, committed 18944K, reserved 1048576K
}
Event: 101.986 GC heap after
{Heap after GC invocations=54 (full 0):
 garbage-first heap   total 322560K, used 221740K [0x0000000080000000, 0x0000000100000000)
  region size 1024K, 9 young (9216K), 9 survivors (9216K)
 Metaspace       used 138651K, committed 139840K, reserved 1179648K
  class space    used 18342K, committed 18944K, reserved 1048576K
}
Event: 103.045 GC heap before
{Heap before GC invocations=54 (full 0):
 garbage-first heap   total 322560K, used 286252K [0x0000000080000000, 0x0000000100000000)
  region size 1024K, 58 young (59392K), 9 survivors (9216K)
 Metaspace       used 139300K, committed 140416K, reserved 1179648K
  class space    used 18395K, committed 18944K, reserved 1048576K
}
Event: 103.071 GC heap after
{Heap after GC invocations=55 (full 0):
 garbage-first heap   total 322560K, used 244278K [0x0000000080000000, 0x0000000100000000)
  region size 1024K, 8 young (8192K), 8 survivors (8192K)
 Metaspace       used 139300K, committed 140416K, reserved 1179648K
  class space    used 18395K, committed 18944K, reserved 1048576K
}
Event: 103.681 GC heap before
{Heap before GC invocations=55 (full 0):
 garbage-first heap   total 322560K, used 273974K [0x0000000080000000, 0x0000000100000000)
  region size 1024K, 36 young (36864K), 8 survivors (8192K)
 Metaspace       used 140914K, committed 142016K, reserved 1179648K
  class space    used 18572K, committed 19136K, reserved 1048576K
}
Event: 103.691 GC heap after
{Heap after GC invocations=56 (full 0):
 garbage-first heap   total 322560K, used 248188K [0x0000000080000000, 0x0000000100000000)
  region size 1024K, 5 young (5120K), 5 survivors (5120K)
 Metaspace       used 140914K, committed 142016K, reserved 1179648K
  class space    used 18572K, committed 19136K, reserved 1048576K
}
Event: 104.088 GC heap before
{Heap before GC invocations=56 (full 0):
 garbage-first heap   total 322560K, used 274812K [0x0000000080000000, 0x0000000100000000)
  region size 1024K, 31 young (31744K), 5 survivors (5120K)
 Metaspace       used 142206K, committed 143296K, reserved 1179648K
  class space    used 18710K, committed 19264K, reserved 1048576K
}
Event: 104.094 GC heap after
{Heap after GC invocations=57 (full 0):
 garbage-first heap   total 322560K, used 251549K [0x0000000080000000, 0x0000000100000000)
  region size 1024K, 4 young (4096K), 4 survivors (4096K)
 Metaspace       used 142206K, committed 143296K, reserved 1179648K
  class space    used 18710K, committed 19264K, reserved 1048576K
}
Event: 104.159 GC heap before
{Heap before GC invocations=57 (full 0):
 garbage-first heap   total 322560K, used 268957K [0x0000000080000000, 0x0000000100000000)
  region size 1024K, 10 young (10240K), 4 survivors (4096K)
 Metaspace       used 142211K, committed 143296K, reserved 1179648K
  class space    used 18710K, committed 19264K, reserved 1048576K
}
Event: 104.170 GC heap after
{Heap after GC invocations=58 (full 0):
 garbage-first heap   total 322560K, used 259023K [0x0000000080000000, 0x0000000100000000)
  region size 1024K, 4 young (4096K), 4 survivors (4096K)
 Metaspace       used 142211K, committed 143296K, reserved 1179648K
  class space    used 18710K, committed 19264K, reserved 1048576K
}
Event: 104.272 GC heap before
{Heap before GC invocations=58 (full 0):
 garbage-first heap   total 322560K, used 274383K [0x0000000080000000, 0x0000000100000000)
  region size 1024K, 16 young (16384K), 4 survivors (4096K)
 Metaspace       used 142474K, committed 143552K, reserved 1179648K
  class space    used 18732K, committed 19264K, reserved 1048576K
}
Event: 104.277 GC heap after
{Heap after GC invocations=59 (full 0):
 garbage-first heap   total 322560K, used 256893K [0x0000000080000000, 0x0000000100000000)
  region size 1024K, 2 young (2048K), 2 survivors (2048K)
 Metaspace       used 142474K, committed 143552K, reserved 1179648K
  class space    used 18732K, committed 19264K, reserved 1048576K
}
Event: 104.315 GC heap before
{Heap before GC invocations=59 (full 0):
 garbage-first heap   total 322560K, used 272253K [0x0000000080000000, 0x0000000100000000)
  region size 1024K, 17 young (17408K), 2 survivors (2048K)
 Metaspace       used 142616K, committed 143808K, reserved 1179648K
  class space    used 18743K, committed 19328K, reserved 1048576K
}
Event: 104.320 GC heap after
{Heap after GC invocations=60 (full 0):
 garbage-first heap   total 322560K, used 259561K [0x0000000080000000, 0x0000000100000000)
  region size 1024K, 3 young (3072K), 3 survivors (3072K)
 Metaspace       used 142616K, committed 143808K, reserved 1179648K
  class space    used 18743K, committed 19328K, reserved 1048576K
}
Event: 104.365 GC heap before
{Heap before GC invocations=60 (full 0):
 garbage-first heap   total 322560K, used 274921K [0x0000000080000000, 0x0000000100000000)
  region size 1024K, 18 young (18432K), 3 survivors (3072K)
 Metaspace       used 143005K, committed 144128K, reserved 1179648K
  class space    used 18789K, committed 19328K, reserved 1048576K
}
Event: 104.371 GC heap after
{Heap after GC invocations=61 (full 0):
 garbage-first heap   total 322560K, used 262611K [0x0000000080000000, 0x0000000100000000)
  region size 1024K, 3 young (3072K), 3 survivors (3072K)
 Metaspace       used 143005K, committed 144128K, reserved 1179648K
  class space    used 18789K, committed 19328K, reserved 1048576K
}
Event: 104.490 GC heap before
{Heap before GC invocations=61 (full 0):
 garbage-first heap   total 322560K, used 275923K [0x0000000080000000, 0x0000000100000000)
  region size 1024K, 17 young (17408K), 3 survivors (3072K)
 Metaspace       used 143811K, committed 144896K, reserved 1179648K
  class space    used 18843K, committed 19392K, reserved 1048576K
}

